<?xml version="1.0" encoding="utf-8"?>
<androidx.constraintlayout.widget.ConstraintLayout xmlns:android="http://schemas.android.com/apk/res/android"
    xmlns:app="http://schemas.android.com/apk/res-auto"
    xmlns:tools="http://schemas.android.com/tools"
    android:layout_width="match_parent"
    android:layout_height="match_parent">

    <TextView
        android:id="@+id/textView9"
        android:layout_width="66dp"
        android:layout_height="27dp"
        android:layout_marginTop="20dp"
        android:gravity="center"
        android:text="내 점수"
        android:textColor="#050505"
        android:textSize="20sp"
        android:textStyle="bold"
        app:layout_constraintEnd_toEndOf="parent"
        app:layout_constraintHorizontal_bias="0.498"
        app:layout_constraintStart_toStartOf="parent"
        app:layout_constraintTop_toTopOf="parent" />

    <LinearLayout
        android:id="@+id/linearLayout4"
        android:layout_width="165dp"
        android:layout_height="115dp"
        android:orientation="horizontal"
        app:layout_constraintEnd_toEndOf="parent"
        app:layout_constraintHorizontal_bias="0.497"
        app:layout_constraintStart_toStartOf="parent"
        app:layout_constraintTop_toBottomOf="@+id/textView9">

        <TextView
            android:id="@+id/textView10"
            android:layout_width="108dp"
            android:layout_height="match_parent"
            android:layout_weight="1"
            android:gravity="center"
            android:text="6"
            android:textColor="#050505"
            android:textSize="45sp" />

        <TextView
            android:id="@+id/textView11"
            android:layout_width="110dp"
            android:layout_height="match_parent"
            android:layout_weight="1"
            android:gravity="center"
            android:text="/10"
            android:textSize="35sp"
            app:layout_constraintEnd_toEndOf="parent"
            app:layout_constraintStart_toStartOf="parent" />
    </LinearLayout>

    <LinearLayout
        android:id="@+id/linearLayout"
        android:layout_width="400dp"
        android:layout_height="80dp"
        android:orientation="horizontal"
        app:layout_constraintEnd_toEndOf="parent"
        app:layout_constraintStart_toStartOf="parent"
        app:layout_constraintTop_toBottomOf="@+id/linearLayout4">

        <androidx.appcompat.widget.AppCompatButton
            android:id="@+id/button4"
            android:layout_width="100dp"
            android:layout_height="match_parent"
            android:layout_weight="1"
            android:backgroundTint="#EDEDED"
            android:text="다시 풀기"
            android:textAppearance="@style/TextAppearance.AppCompat.Medium"
            android:textColor="#000000" />

        <androidx.appcompat.widget.AppCompatButton
            android:id="@+id/button5"
            android:layout_width="100dp"
            android:layout_height="match_parent"
            android:layout_weight="1"
            android:backgroundTint="#EDEDED"
            android:text="내 단어장"
            android:textAppearance="@style/TextAppearance.AppCompat.Medium"
            android:textColor="#090909"
            app:iconTint="#EDEDED" />

    </LinearLayout>


    <ScrollView
        android:id="@+id/scrollView3"
        android:layout_width="372dp"
        android:layout_height="321dp"
        android:layout_above="@+id/button1"
        android:layout_marginTop="20dp"
        app:layout_constraintEnd_toEndOf="parent"
        app:layout_constraintStart_toStartOf="parent"
        app:layout_constraintTop_toBottomOf="@+id/linearLayout">

        <LinearLayout
            android:layout_width="match_parent"
            android:layout_height="match_parent"
            android:orientation="vertical">

            <LinearLayout
                android:layout_width="match_parent"
                android:layout_height="match_parent"
                android:orientation="horizontal">

                <ImageView
                    android:id="@+id/r"
                    android:layout_width="60dp"
                    android:layout_height="60dp"
                    android:layout_gravity="center_vertical"
                    android:layout_margin="10dp"
                    tools:src="@android:drawable/presence_online" />

                <TextView
                    android:id="@+id/te"
                    android:layout_width="wrap_content"
                    android:layout_height="wrap_content"
                    android:layout_gravity="center_vertical"
                    android:layout_marginLeft="15dp"
                    android:textSize="30dp"
                    tools:text="1." />

                <TextView
                    android:id="@+id/te"
                    android:layout_width="wrap_content"
                    android:layout_height="wrap_content"
                    android:layout_gravity="center_vertical"
                    android:layout_marginLeft="15dp"
                    android:textSize="30dp"
                    tools:text="again" />

                <TextView
                    android:id="@+id/sda"
                    android:layout_width="wrap_content"
                    android:layout_height="wrap_content"
                    android:layout_gravity="center_vertical"
                    android:layout_marginLeft="30dp"
                    android:textSize="20dp"
                    tools:text="한번 더, 다시" />

            </LinearLayout>

            <LinearLayout
                android:layout_width="match_parent"
                android:layout_height="match_parent"
                android:orientation="horizontal">

                <ImageView
                    android:id="@+id/r"
                    android:layout_width="60dp"
                    android:layout_height="60dp"
                    android:layout_gravity="center_vertical"
                    android:layout_margin="10dp"
                    tools:src="@android:drawable/ic_delete" />

                <TextView
                    android:id="@+id/te"
                    android:layout_width="wrap_content"
                    android:layout_height="wrap_content"
                    android:layout_gravity="center_vertical"
                    android:layout_marginLeft="15dp"
                    android:textSize="30dp"
                    tools:text="2." />

                <TextView
                    android:id="@+id/te"
                    android:layout_width="wrap_content"
                    android:layout_height="wrap_content"
                    android:layout_gravity="center_vertical"
                    android:layout_marginLeft="15dp"
                    android:textSize="30dp"
                    tools:text="again" />

                <TextView
                    android:id="@+id/sda"
                    android:layout_width="wrap_content"
                    android:layout_height="wrap_content"
                    android:layout_gravity="center_vertical"
                    android:layout_marginLeft="30dp"
                    android:textSize="20dp"
                    tools:text="한번 더, 다시" />

            </LinearLayout>

            <LinearLayout
                android:layout_width="match_parent"
                android:layout_height="match_parent"
                android:orientation="horizontal">

                <ImageView
                    android:id="@+id/r"
                    android:layout_width="60dp"
                    android:layout_height="60dp"
                    android:layout_gravity="center_vertical"
                    android:layout_margin="10dp"
                    tools:src="@android:drawable/presence_online" />

                <TextView
                    android:id="@+id/te"
                    android:layout_width="wrap_content"
                    android:layout_height="wrap_content"
                    android:layout_gravity="center_vertical"
                    android:layout_marginLeft="15dp"
                    android:textSize="30dp"
                    tools:text="3." />

                <TextView
                    android:id="@+id/te"
                    android:layout_width="wrap_content"
                    android:layout_height="wrap_content"
                    android:layout_gravity="center_vertical"
                    android:layout_marginLeft="15dp"
                    android:textSize="30dp"
                    tools:text="again" />

                <TextView
                    android:id="@+id/sda"
                    android:layout_width="wrap_content"
                    android:layout_height="wrap_content"
                    android:layout_gravity="center_vertical"
                    android:layout_marginLeft="30dp"
                    android:textSize="20dp"
                    tools:text="한번 더, 다시" />

            </LinearLayout>

            <LinearLayout
                android:layout_width="match_parent"
                android:layout_height="match_parent"
                android:orientation="horizontal">

                <ImageView
                    android:id="@+id/r"
                    android:layout_width="60dp"
                    android:layout_height="60dp"
                    android:layout_gravity="center_vertical"
                    android:layout_margin="10dp"
                    tools:src="@android:drawable/ic_delete" />

                <TextView
                    android:id="@+id/te"
                    android:layout_width="wrap_content"
                    android:layout_height="wrap_content"
                    android:layout_gravity="center_vertical"
                    android:layout_marginLeft="15dp"
                    android:textSize="30dp"
                    tools:text="4." />

                <TextView
                    android:id="@+id/te"
                    android:layout_width="wrap_content"
                    android:layout_height="wrap_content"
                    android:layout_gravity="center_vertical"
                    android:layout_marginLeft="15dp"
                    android:textSize="30dp"
                    tools:text="again" />

                <TextView
                    android:id="@+id/sda"
                    android:layout_width="wrap_content"
                    android:layout_height="wrap_content"
                    android:layout_gravity="center_vertical"
                    android:layout_marginLeft="30dp"
                    android:textSize="20dp"
                    tools:text="한번 더, 다시" />

            </LinearLayout>

            <LinearLayout
                android:layout_width="match_parent"
                android:layout_height="match_parent"
                android:orientation="horizontal">

                <ImageView
                    android:id="@+id/r"
                    android:layout_width="60dp"
                    android:layout_height="60dp"
                    android:layout_gravity="center_vertical"
                    android:layout_margin="10dp"
                    tools:src="@android:drawable/ic_delete" />

                <TextView
                    android:id="@+id/te"
                    android:layout_width="wrap_content"
                    android:layout_height="wrap_content"
                    android:layout_gravity="center_vertical"
                    android:layout_marginLeft="15dp"
                    android:textSize="30dp"
                    tools:text="5." />

                <TextView
                    android:id="@+id/te"
                    android:layout_width="wrap_content"
                    android:layout_height="wrap_content"
                    android:layout_gravity="center_vertical"
                    android:layout_marginLeft="15dp"
                    android:textSize="30dp"
                    tools:text="again" />

                <TextView
                    android:id="@+id/sda"
                    android:layout_width="wrap_content"
                    android:layout_height="wrap_content"
                    android:layout_gravity="center_vertical"
                    android:layout_marginLeft="30dp"
                    android:textSize="20dp"
                    tools:text="한번 더, 다시" />

            </LinearLayout>

            <LinearLayout
                android:layout_width="match_parent"
                android:layout_height="match_parent"
                android:orientation="horizontal">

                <ImageView
                    android:id="@+id/r"
                    android:layout_width="60dp"
                    android:layout_height="60dp"
                    android:layout_gravity="center_vertical"
                    android:layout_margin="10dp"
                    tools:src="@android:drawable/presence_online" />

                <TextView
                    android:id="@+id/te"
                    android:layout_width="wrap_content"
                    android:layout_height="wrap_content"
                    android:layout_gravity="center_vertical"
                    android:layout_marginLeft="15dp"
                    android:textSize="30dp"
                    tools:text="6." />

                <TextView
                    android:id="@+id/te"
                    android:layout_width="wrap_content"
                    android:layout_height="wrap_content"
                    android:layout_gravity="center_vertical"
                    android:layout_marginLeft="15dp"
                    android:textSize="30dp"
                    tools:text="again" />

                <TextView
                    android:id="@+id/sda"
                    android:layout_width="wrap_content"
                    android:layout_height="wrap_content"
                    android:layout_gravity="center_vertical"
                    android:layout_marginLeft="30dp"
                    android:textSize="20dp"
                    tools:text="한번 더, 다시" />

            </LinearLayout>

            <LinearLayout
                android:layout_width="match_parent"
                android:layout_height="match_parent"
                android:orientation="horizontal">

                <ImageView
                    android:id="@+id/r"
                    android:layout_width="60dp"
                    android:layout_height="60dp"
                    android:layout_gravity="center_vertical"
                    android:layout_margin="10dp"
                    tools:src="@android:drawable/presence_online" />

                <TextView
                    android:id="@+id/te"
                    android:layout_width="wrap_content"
                    android:layout_height="wrap_content"
                    android:layout_gravity="center_vertical"
                    android:layout_marginLeft="15dp"
                    android:textSize="30dp"
                    tools:text="7." />

                <TextView
                    android:id="@+id/te"
                    android:layout_width="wrap_content"
                    android:layout_height="wrap_content"
                    android:layout_gravity="center_vertical"
                    android:layout_marginLeft="15dp"
                    android:textSize="30dp"
                    tools:text="again" />

                <TextView
                    android:id="@+id/sda"
                    android:layout_width="wrap_content"
                    android:layout_height="wrap_content"
                    android:layout_gravity="center_vertical"
                    android:layout_marginLeft="30dp"
                    android:textSize="20dp"
                    tools:text="한번 더, 다시" />

            </LinearLayout>

            <LinearLayout
                android:layout_width="match_parent"
                android:layout_height="match_parent"
                android:orientation="horizontal">

                <ImageView
                    android:id="@+id/r"
                    android:layout_width="60dp"
                    android:layout_height="60dp"
                    android:layout_gravity="center_vertical"
                    android:layout_margin="10dp"
                    tools:src="@android:drawable/presence_online" />

                <TextView
                    android:id="@+id/te"
                    android:layout_width="wrap_content"
                    android:layout_height="wrap_content"
                    android:layout_gravity="center_vertical"
                    android:layout_marginLeft="15dp"
                    android:textSize="30dp"
                    tools:text="8." />

                <TextView
                    android:id="@+id/te"
                    android:layout_width="wrap_content"
                    android:layout_height="wrap_content"
                    android:layout_gravity="center_vertical"
                    android:layout_marginLeft="15dp"
                    android:textSize="30dp"
                    tools:text="again" />

                <TextView
                    android:id="@+id/sda"
                    android:layout_width="wrap_content"
                    android:layout_height="wrap_content"
                    android:layout_gravity="center_vertical"
                    android:layout_marginLeft="30dp"
                    android:textSize="20dp"
                    tools:text="한번 더, 다시" />

            </LinearLayout>

            <LinearLayout
                android:layout_width="match_parent"
                android:layout_height="match_parent"
                android:orientation="horizontal">

                <ImageView
                    android:id="@+id/r"
                    android:layout_width="60dp"
                    android:layout_height="60dp"
                    android:layout_gravity="center_vertical"
                    android:layout_margin="10dp"
                    tools:src="@android:drawable/presence_online" />

                <TextView
                    android:id="@+id/te"
                    android:layout_width="wrap_content"
                    android:layout_height="wrap_content"
                    android:layout_gravity="center_vertical"
                    android:layout_marginLeft="15dp"
                    android:textSize="30dp"
                    tools:text="9." />

                <TextView
                    android:id="@+id/te"
                    android:layout_width="wrap_content"
                    android:layout_height="wrap_content"
                    android:layout_gravity="center_vertical"
                    android:layout_marginLeft="15dp"
                    android:textSize="30dp"
                    tools:text="again" />

                <TextView
                    android:id="@+id/sda"
                    android:layout_width="wrap_content"
                    android:layout_height="wrap_content"
                    android:layout_gravity="center_vertical"
                    android:layout_marginLeft="30dp"
                    android:textSize="20dp"
                    tools:text="한번 더, 다시" />

            </LinearLayout>

            <LinearLayout
                android:layout_width="match_parent"
                android:layout_height="match_parent"
                android:orientation="horizontal">

                <ImageView
                    android:id="@+id/r"
                    android:layout_width="60dp"
                    android:layout_height="60dp"
                    android:layout_gravity="center_vertical"
                    android:layout_margin="10dp"
                    tools:src="@android:drawable/ic_delete" />

                <TextView
                    android:id="@+id/te"
                    android:layout_width="wrap_content"
                    android:layout_height="wrap_content"
                    android:layout_gravity="center_vertical"
                    android:layout_marginLeft="15dp"
                    android:textSize="30dp"
                    tools:text="10." />

                <TextView
                    android:id="@+id/te"
                    android:layout_width="wrap_content"
                    android:layout_height="wrap_content"
                    android:layout_gravity="center_vertical"
                    android:layout_marginLeft="15dp"
                    android:textSize="30dp"
                    tools:text="again" />

                <TextView
                    android:id="@+id/sda"
                    android:layout_width="wrap_content"
                    android:layout_height="wrap_content"
                    android:layout_gravity="center_vertical"
                    android:layout_marginLeft="30dp"
                    android:textSize="20dp"
                    tools:text="한번 더, 다시" />

            </LinearLayout>

        </LinearLayout>
    </ScrollView>

    <Button
        android:id="@+id/button1"
        android:layout_width="wrap_content"
        android:layout_height="55dp"
        android:layout_alignParentBottom="true"
        android:text="틀린 단어 내 단어장에 추가"
        android:textSize="20sp"
        app:layout_constraintEnd_toEndOf="parent"
        app:layout_constraintStart_toStartOf="parent"
        app:layout_constraintTop_toBottomOf="@+id/scrollView3" />


</androidx.constraintlayout.widget.ConstraintLayout>